$ hadoop jar imdb_mr.jar imdb_mr /temp/input/title.basics.tsv /temp/input/imdb00-title-actors.csv /temp/input/title.crew.tsv /temp/output
2023-12-02 18:19:32,816 WARN util.NativeCodeLoader: Unable to load native-hadoop library for your platform... using builtin-java classes where applicable
2023-12-02 18:19:33,410 INFO client.RMProxy: Connecting to ResourceManager at localhost/127.0.0.1:8032
2023-12-02 18:19:33,783 WARN mapreduce.JobResourceUploader: Hadoop command-line option parsing not performed. Implement the Tool interface and execute your application with ToolRunner to remedy this.
2023-12-02 18:19:33,807 INFO mapreduce.JobResourceUploader: Disabling Erasure Coding for path: /tmp/hadoop-yarn/staging/t1ppu/.staging/job_1701481959834_0025
2023-12-02 18:19:33,922 INFO sasl.SaslDataTransferClient: SASL encryption trust check: localHostTrusted = false, remoteHostTrusted = false
2023-12-02 18:19:34,441 INFO input.FileInputFormat: Total input files to process : 1
2023-12-02 18:19:34,464 INFO input.FileInputFormat: Total input files to process : 1
2023-12-02 18:19:34,470 INFO input.FileInputFormat: Total input files to process : 1
2023-12-02 18:19:34,499 INFO sasl.SaslDataTransferClient: SASL encryption trust check: localHostTrusted = false, remoteHostTrusted = false
2023-12-02 18:19:34,522 INFO sasl.SaslDataTransferClient: SASL encryption trust check: localHostTrusted = false, remoteHostTrusted = false
2023-12-02 18:19:34,532 INFO mapreduce.JobSubmitter: number of splits:3
2023-12-02 18:19:34,667 INFO sasl.SaslDataTransferClient: SASL encryption trust check: localHostTrusted = false, remoteHostTrusted = false
2023-12-02 18:19:34,682 INFO mapreduce.JobSubmitter: Submitting tokens for job: job_1701481959834_0025
2023-12-02 18:19:34,682 INFO mapreduce.JobSubmitter: Executing with tokens: []
2023-12-02 18:19:34,853 INFO conf.Configuration: resource-types.xml not found
2023-12-02 18:19:34,854 INFO resource.ResourceUtils: Unable to find 'resource-types.xml'.
2023-12-02 18:19:35,164 INFO impl.YarnClientImpl: Submitted application application_1701481959834_0025
2023-12-02 18:19:35,200 INFO mapreduce.Job: The url to track the job: http://t1ppu.:8088/proxy/application_1701481959834_0025/
2023-12-02 18:19:35,200 INFO mapreduce.Job: Running job: job_1701481959834_0025
2023-12-02 18:19:41,318 INFO mapreduce.Job: Job job_1701481959834_0025 running in uber mode : false
2023-12-02 18:19:41,319 INFO mapreduce.Job:  map 0% reduce 0%
2023-12-02 18:19:59,527 INFO mapreduce.Job:  map 25% reduce 0%
2023-12-02 18:20:05,569 INFO mapreduce.Job:  map 39% reduce 0%
2023-12-02 18:20:10,607 INFO mapreduce.Job:  map 56% reduce 0%
2023-12-02 18:20:11,623 INFO mapreduce.Job:  map 69% reduce 0%
2023-12-02 18:20:13,633 INFO mapreduce.Job:  map 74% reduce 0%
2023-12-02 18:20:17,655 INFO mapreduce.Job:  map 75% reduce 0%
2023-12-02 18:20:23,692 INFO mapreduce.Job:  map 78% reduce 0%
2023-12-02 18:20:27,716 INFO mapreduce.Job:  map 78% reduce 22%
2023-12-02 18:20:29,728 INFO mapreduce.Job:  map 80% reduce 22%
2023-12-02 18:20:35,766 INFO mapreduce.Job:  map 82% reduce 22%
2023-12-02 18:20:41,795 INFO mapreduce.Job:  map 83% reduce 22%
2023-12-02 18:20:47,826 INFO mapreduce.Job:  map 87% reduce 22%
2023-12-02 18:20:53,864 INFO mapreduce.Job:  map 88% reduce 22%
2023-12-02 18:20:59,897 INFO mapreduce.Job:  map 89% reduce 22%
2023-12-02 18:21:05,933 INFO mapreduce.Job:  map 91% reduce 22%
2023-12-02 18:21:11,965 INFO mapreduce.Job:  map 93% reduce 22%
2023-12-02 18:21:17,988 INFO mapreduce.Job:  map 96% reduce 22%
2023-12-02 18:21:24,018 INFO mapreduce.Job:  map 98% reduce 22%
2023-12-02 18:21:30,050 INFO mapreduce.Job:  map 100% reduce 22%
2023-12-02 18:21:34,067 INFO mapreduce.Job:  map 100% reduce 67%
2023-12-02 18:21:40,090 INFO mapreduce.Job:  map 100% reduce 76%
2023-12-02 18:21:46,115 INFO mapreduce.Job:  map 100% reduce 86%
2023-12-02 18:21:52,138 INFO mapreduce.Job:  map 100% reduce 96%
2023-12-02 18:21:55,147 INFO mapreduce.Job:  map 100% reduce 100%
2023-12-02 18:21:55,152 INFO mapreduce.Job: Job job_1701481959834_0025 completed successfully
2023-12-02 18:21:55,238 INFO mapreduce.Job: Counters: 55
        File System Counters
                FILE: Number of bytes read=2330848757
                FILE: Number of bytes written=3352058380
                FILE: Number of read operations=0
                FILE: Number of large read operations=0
                FILE: Number of write operations=0
                HDFS: Number of bytes read=1775567623
                HDFS: Number of bytes written=7748
                HDFS: Number of read operations=14
                HDFS: Number of large read operations=0
                HDFS: Number of write operations=2
                HDFS: Number of bytes read erasure-coded=0
        Job Counters
                Killed map tasks=1
                Launched map tasks=4
                Launched reduce tasks=1
                Data-local map tasks=4
                Total time spent by all maps in occupied slots (ms)=239804
                Total time spent by all reduces in occupied slots (ms)=101347
                Total time spent by all map tasks (ms)=239804
                Total time spent by all reduce tasks (ms)=101347
                Total vcore-milliseconds taken by all map tasks=239804
                Total vcore-milliseconds taken by all reduce tasks=101347
                Total megabyte-milliseconds taken by all map tasks=245559296
                Total megabyte-milliseconds taken by all reduce tasks=103779328
        Map-Reduce Framework
                Map input records=38315671
                Map output records=25332023
                Map output bytes=969633546
                Map output materialized bytes=1020303150
                Input split bytes=750
                Combine input records=0
                Combine output records=0
                Reduce input groups=6335052
                Reduce shuffle bytes=1020303150
                Reduce input records=25332023
                Reduce output records=84
                Spilled Records=82827638
                Shuffled Maps =3
                Failed Shuffles=0
                Merged Map outputs=3
                GC time elapsed (ms)=1535
                CPU time spent (ms)=204610
                Physical memory (bytes) snapshot=1908613120
                Virtual memory (bytes) snapshot=10271596544
                Total committed heap usage (bytes)=1651507200
                Peak Map Physical memory (bytes)=509067264
                Peak Map Virtual memory (bytes)=2569252864
                Peak Reduce Physical memory (bytes)=397246464
                Peak Reduce Virtual memory (bytes)=2572279808
        Shuffle Errors
                BAD_ID=0
                CONNECTION=0
                IO_ERROR=0
                WRONG_LENGTH=0
                WRONG_MAP=0
                WRONG_REDUCE=0
        File Input Format Counters
                Bytes Read=0
        File Output Format Counters
                Bytes Written=7748