$ hadoop jar imdb_mr.jar imdb_mr /temp/input/title.basics.tsv /temp/input/imdb00-title-actors.csv /temp/input/title.crew.tsv /temp/output
2023-12-02 19:12:28,371 WARN util.NativeCodeLoader: Unable to load native-hadoop library for your platform... using builtin-java classes where applicable
2023-12-02 19:12:29,724 INFO client.RMProxy: Connecting to ResourceManager at localhost/127.0.0.1:8032
2023-12-02 19:12:30,633 WARN mapreduce.JobResourceUploader: Hadoop command-line option parsing not performed. Implement the Tool interface and execute your application with ToolRunner to remedy this.
2023-12-02 19:12:30,677 INFO mapreduce.JobResourceUploader: Disabling Erasure Coding for path: /tmp/hadoop-yarn/staging/t1ppu/.staging/job_1701481959834_0026
2023-12-02 19:12:30,902 INFO sasl.SaslDataTransferClient: SASL encryption trust check: localHostTrusted = false, remoteHostTrusted = false
2023-12-02 19:12:31,190 INFO input.FileInputFormat: Total input files to process : 1
2023-12-02 19:12:31,247 INFO input.FileInputFormat: Total input files to process : 1
2023-12-02 19:12:31,256 INFO input.FileInputFormat: Total input files to process : 1
2023-12-02 19:12:31,301 INFO sasl.SaslDataTransferClient: SASL encryption trust check: localHostTrusted = false, remoteHostTrusted = false
2023-12-02 19:12:31,340 INFO sasl.SaslDataTransferClient: SASL encryption trust check: localHostTrusted = false, remoteHostTrusted = false
2023-12-02 19:12:31,360 INFO mapreduce.JobSubmitter: number of splits:3
2023-12-02 19:12:31,696 INFO sasl.SaslDataTransferClient: SASL encryption trust check: localHostTrusted = false, remoteHostTrusted = false
2023-12-02 19:12:31,740 INFO mapreduce.JobSubmitter: Submitting tokens for job: job_1701481959834_0026
2023-12-02 19:12:31,740 INFO mapreduce.JobSubmitter: Executing with tokens: []
2023-12-02 19:12:32,110 INFO conf.Configuration: resource-types.xml not found
2023-12-02 19:12:32,111 INFO resource.ResourceUtils: Unable to find 'resource-types.xml'.
2023-12-02 19:12:32,324 INFO impl.YarnClientImpl: Submitted application application_1701481959834_0026
2023-12-02 19:12:32,404 INFO mapreduce.Job: The url to track the job: http://t1ppu.:8088/proxy/application_1701481959834_0026/
2023-12-02 19:12:32,404 INFO mapreduce.Job: Running job: job_1701481959834_0026
2023-12-02 19:12:44,708 INFO mapreduce.Job: Job job_1701481959834_0026 running in uber mode : false
2023-12-02 19:12:44,709 INFO mapreduce.Job:  map 0% reduce 0%
2023-12-02 19:13:03,010 INFO mapreduce.Job:  map 2% reduce 0%
2023-12-02 19:13:04,017 INFO mapreduce.Job:  map 18% reduce 0%
2023-12-02 19:13:09,049 INFO mapreduce.Job:  map 20% reduce 0%
2023-12-02 19:13:10,056 INFO mapreduce.Job:  map 26% reduce 0%
2023-12-02 19:13:15,092 INFO mapreduce.Job:  map 27% reduce 0%
2023-12-02 19:13:16,099 INFO mapreduce.Job:  map 37% reduce 0%
2023-12-02 19:13:21,134 INFO mapreduce.Job:  map 38% reduce 0%
2023-12-02 19:13:22,141 INFO mapreduce.Job:  map 43% reduce 0%
2023-12-02 19:13:27,228 INFO mapreduce.Job:  map 58% reduce 0%
2023-12-02 19:13:28,236 INFO mapreduce.Job:  map 62% reduce 0%
2023-12-02 19:13:33,319 INFO mapreduce.Job:  map 63% reduce 0%
2023-12-02 19:13:34,329 INFO mapreduce.Job:  map 69% reduce 0%
2023-12-02 19:13:37,376 INFO mapreduce.Job:  map 74% reduce 0%
2023-12-02 19:13:39,391 INFO mapreduce.Job:  map 75% reduce 0%
2023-12-02 19:13:45,429 INFO mapreduce.Job:  map 77% reduce 0%
2023-12-02 19:13:46,448 INFO mapreduce.Job:  map 77% reduce 11%
2023-12-02 19:13:47,463 INFO mapreduce.Job:  map 77% reduce 22%
2023-12-02 19:13:57,523 INFO mapreduce.Job:  map 79% reduce 22%
2023-12-02 19:14:03,558 INFO mapreduce.Job:  map 80% reduce 22%
2023-12-02 19:14:09,595 INFO mapreduce.Job:  map 82% reduce 22%
2023-12-02 19:14:21,668 INFO mapreduce.Job:  map 83% reduce 22%
2023-12-02 19:14:27,700 INFO mapreduce.Job:  map 85% reduce 22%
2023-12-02 19:14:33,732 INFO mapreduce.Job:  map 86% reduce 22%
2023-12-02 19:14:39,765 INFO mapreduce.Job:  map 87% reduce 22%
2023-12-02 19:14:45,797 INFO mapreduce.Job:  map 88% reduce 22%
2023-12-02 19:14:51,831 INFO mapreduce.Job:  map 89% reduce 22%
2023-12-02 19:14:57,863 INFO mapreduce.Job:  map 90% reduce 22%
2023-12-02 19:15:03,895 INFO mapreduce.Job:  map 91% reduce 22%
2023-12-02 19:15:09,929 INFO mapreduce.Job:  map 92% reduce 22%
2023-12-02 19:15:15,963 INFO mapreduce.Job:  map 94% reduce 22%
2023-12-02 19:15:21,990 INFO mapreduce.Job:  map 95% reduce 22%
2023-12-02 19:15:28,023 INFO mapreduce.Job:  map 96% reduce 22%
2023-12-02 19:15:34,054 INFO mapreduce.Job:  map 97% reduce 22%
2023-12-02 19:15:40,084 INFO mapreduce.Job:  map 98% reduce 22%
2023-12-02 19:15:46,193 INFO mapreduce.Job:  map 100% reduce 22%
2023-12-02 19:15:53,233 INFO mapreduce.Job:  map 100% reduce 39%
2023-12-02 19:15:54,351 INFO mapreduce.Job:  map 100% reduce 56%
2023-12-02 19:15:59,409 INFO mapreduce.Job:  map 100% reduce 64%
2023-12-02 19:16:00,413 INFO mapreduce.Job:  map 100% reduce 72%
2023-12-02 19:16:05,437 INFO mapreduce.Job:  map 100% reduce 77%
2023-12-02 19:16:06,445 INFO mapreduce.Job:  map 100% reduce 81%
2023-12-02 19:16:11,467 INFO mapreduce.Job:  map 100% reduce 86%
2023-12-02 19:16:12,472 INFO mapreduce.Job:  map 100% reduce 91%
2023-12-02 19:16:17,500 INFO mapreduce.Job:  map 100% reduce 95%
2023-12-02 19:16:18,543 INFO mapreduce.Job:  map 100% reduce 100%
2023-12-02 19:16:19,559 INFO mapreduce.Job: Job job_1701481959834_0026 completed successfully
2023-12-02 19:16:19,776 INFO mapreduce.Job: Counters: 55
        File System Counters
                FILE: Number of bytes read=2330809277
                FILE: Number of bytes written=3352211404
                FILE: Number of read operations=0
                FILE: Number of large read operations=0
                FILE: Number of write operations=0
                HDFS: Number of bytes read=1775567623
                HDFS: Number of bytes written=6907
                HDFS: Number of read operations=19
                HDFS: Number of large read operations=0
                HDFS: Number of write operations=4
                HDFS: Number of bytes read erasure-coded=0
        Job Counters
                Killed map tasks=1
                Launched map tasks=4
                Launched reduce tasks=2
                Data-local map tasks=4
                Total time spent by all maps in occupied slots (ms)=410715
                Total time spent by all reduces in occupied slots (ms)=337303
                Total time spent by all map tasks (ms)=410715
                Total time spent by all reduce tasks (ms)=337303
                Total vcore-milliseconds taken by all map tasks=410715
                Total vcore-milliseconds taken by all reduce tasks=337303
                Total megabyte-milliseconds taken by all map tasks=420572160
                Total megabyte-milliseconds taken by all reduce tasks=345398272
        Map-Reduce Framework
                Map input records=38315671
                Map output records=25332023
                Map output bytes=969633546
                Map output materialized bytes=1020303168
                Input split bytes=750
                Combine input records=0
                Combine output records=0
                Reduce input groups=6335052
                Reduce shuffle bytes=1020303168
                Reduce input records=25332023
                Reduce output records=74
                Spilled Records=82821983
                Shuffled Maps =6
                Failed Shuffles=0
                Merged Map outputs=6
                GC time elapsed (ms)=4350
                CPU time spent (ms)=381390
                Physical memory (bytes) snapshot=2548781056
                Virtual memory (bytes) snapshot=12856008704
                Total committed heap usage (bytes)=2228224000
                Peak Map Physical memory (bytes)=508203008
                Peak Map Virtual memory (bytes)=2572566528
                Peak Reduce Physical memory (bytes)=559157248
                Peak Reduce Virtual memory (bytes)=2572587008
        Shuffle Errors
                BAD_ID=0
                CONNECTION=0
                IO_ERROR=0
                WRONG_LENGTH=0
                WRONG_MAP=0
                WRONG_REDUCE=0
        File Input Format Counters
                Bytes Read=0
        File Output Format Counters
                Bytes Written=6907